2025-10-21 16:12:31 - INFO - ============================================================
2025-10-21 16:12:31 - INFO - 🚀 INICIANDO PROCESAMIENTO DE ARCHIVO: /Users/marlonruiz/PycharmProjects/Serfinsa/data/serfinsa/Serfinsa  XXXXX_XXXX Trans_19MAY2025_000paypro.xlsx
2025-10-21 16:12:31 - INFO - 📝 Archivo de log: /Users/marlonruiz/PycharmProjects/Serfinsa/logs/Serfinsa  XXXXX_XXXX Trans_19MAY2025_000paypro.log
2025-10-21 16:12:31 - INFO - ⏰ Fecha y hora de inicio: 2025-10-21 16:12:31
2025-10-21 16:12:31 - INFO - ==================================================
2025-10-21 16:12:31 - INFO - ✅ Conexión a base de datos establecida
2025-10-21 16:12:31 - INFO - 📊 Archivo leído correctamente con 1 filas y 40 columnas.
2025-10-21 16:12:31 - INFO - 🧹 Datos limpios aplicados (valores NaN, None y vacíos convertidos a None)
2025-10-21 16:12:31 - INFO - 🔍 Vista previa de los datos limpios:
2025-10-21 16:12:31 - INFO - Primeras 5 filas:   FECHA_TRAN    HORA_TRAN      ID_PAG  SUCURSAL_I  TERMINAL_I  AFILIADO NOMBRE_COM EMISOR_ID               PAN  MONTO_TRAN  MONTO_AJUS  MONTO_TEXE  SUBTOTAL  MONTO_IVA  COMISIONAB  COM_PORCEN  COM_MONTO  COM_MTOIVA  RETENCION2  RETENIDO  MONTO_DEBI  DEPOSITO    CCFNO DCLNO TIPO_TRANS MESES_PLZO  PAGADO           BCO_PAGO NUMCTA REG_FISCAL  IVA_PORC  APROBAC  TC  TYP       SEQ_NUM  INVOIC_NUM  RESP_CDE MODO_ENTRA COMPRADOR ORDEN_ID
0 2025-05-19  12:10:36.00  N76R06LT09     3407301      266760  50065006      xxxxx      SEVI  457374******1710          10           0           0        10       1.15        8.85        0.02       0.18        0.02           0       0.2           0       9.8  1808786  None     COMPRA       None       1  BANCO xxxxx, S.A.   xxxx        xxx      0.13   103651  10  210  529016100128      666514         0       MNAL      None     None
2025-10-21 16:12:31 - INFO - 🔄 Iniciando proceso de inserción en base de datos...
2025-10-21 16:12:31 - WARNING - ⚠️ SEQ_NUM 529016100128 ya existe en la base de datos. Omitiendo registro...
2025-10-21 16:12:31 - INFO - 💾 Cambios confirmados en base de datos
2025-10-21 16:12:31 - INFO - ==================================================
2025-10-21 16:12:31 - INFO - 📊 RESUMEN DE LA INSERCIÓN:
2025-10-21 16:12:31 - INFO - ✅ Se insertaron 0 filas nuevas en la tabla LiquidacionesSV
2025-10-21 16:12:31 - INFO - ⚠️ Se omitieron 1 filas que ya existían en la base de datos
2025-10-21 16:12:31 - INFO - ❌ Se encontraron 0 errores durante la inserción
2025-10-21 16:12:31 - INFO - 📝 Total de registros procesados: 1
2025-10-21 16:12:31 - INFO - ==================================================
2025-10-21 16:12:31 - INFO - 🔍 Iniciando búsqueda de transaction_id para los registros insertados...
2025-10-21 16:12:31 - INFO - ✅ Transaction_id encontrado para SEQ_NUM=529016100128: 436362
2025-10-21 16:12:31 - INFO - 📋 Se procesaron 1 registros para buscar transaction_id
2025-10-21 16:12:31 - INFO - 🎯 Se encontraron 1 transaction_id válidos
2025-10-21 16:12:31 - INFO - 🔌 Conexión a base de datos cerrada
2025-10-21 16:12:31 - INFO - ⏱️ Tiempo total de procesamiento: 0.51 segundos
2025-10-21 16:12:31 - INFO - 📧 Enviando email de notificación...
2025-10-21 16:12:33 - INFO - ✅ Email de notificación enviado exitosamente
2025-10-21 16:12:33 - INFO - ==================================================
2025-10-21 16:12:33 - INFO - 🏁 PROCESAMIENTO COMPLETADO EXITOSAMENTE
2025-10-21 16:12:33 - INFO - ============================================================
2025-10-21 16:25:08 - INFO - ============================================================
2025-10-21 16:25:08 - INFO - 🚀 INICIANDO PROCESAMIENTO DE ARCHIVO: /Users/marlonruiz/PycharmProjects/Serfinsa/data/serfinsa/Serfinsa  XXXXX_XXXX Trans_19MAY2025_000paypro.xlsx
2025-10-21 16:25:08 - INFO - 📝 Archivo de log: /Users/marlonruiz/PycharmProjects/Serfinsa/logs/Serfinsa  XXXXX_XXXX Trans_19MAY2025_000paypro.log
2025-10-21 16:25:08 - INFO - ⏰ Fecha y hora de inicio: 2025-10-21 16:25:08
2025-10-21 16:25:08 - INFO - ==================================================
2025-10-21 16:25:08 - INFO - ✅ Conexión a base de datos establecida
2025-10-21 16:25:08 - INFO - 📊 Archivo leído correctamente con 1 filas y 40 columnas.
2025-10-21 16:25:08 - INFO - 🧹 Datos limpios aplicados (valores NaN, None y vacíos convertidos a None)
2025-10-21 16:25:08 - INFO - 🔍 Vista previa de los datos limpios:
2025-10-21 16:25:08 - INFO - Primeras 5 filas:   FECHA_TRAN    HORA_TRAN      ID_PAG  SUCURSAL_I  TERMINAL_I  AFILIADO NOMBRE_COM EMISOR_ID               PAN  MONTO_TRAN  MONTO_AJUS  MONTO_TEXE  SUBTOTAL  MONTO_IVA  COMISIONAB  COM_PORCEN  COM_MONTO  COM_MTOIVA  RETENCION2  RETENIDO  MONTO_DEBI  DEPOSITO    CCFNO DCLNO TIPO_TRANS MESES_PLZO  PAGADO           BCO_PAGO NUMCTA REG_FISCAL  IVA_PORC  APROBAC  TC  TYP       SEQ_NUM  INVOIC_NUM  RESP_CDE MODO_ENTRA COMPRADOR ORDEN_ID
0 2025-05-19  12:10:36.00  N76R06LT09     3407301      266760  50065006      xxxxx      SEVI  457374******1710          10           0           0        10       1.15        8.85        0.02       0.18        0.02           0       0.2           0       9.8  1808786  None     COMPRA       None       1  BANCO xxxxx, S.A.   xxxx        xxx      0.13   103651  10  210  529016100128      666514         0       MNAL      None     None
2025-10-21 16:25:08 - INFO - 🔄 Iniciando proceso de inserción en base de datos...
2025-10-21 16:25:08 - WARNING - ⚠️ SEQ_NUM 529016100128 ya existe en la base de datos. Omitiendo registro...
2025-10-21 16:25:08 - INFO - 💾 Cambios confirmados en base de datos
2025-10-21 16:25:08 - INFO - ==================================================
2025-10-21 16:25:08 - INFO - 📊 RESUMEN DE LA INSERCIÓN:
2025-10-21 16:25:08 - INFO - ✅ Se insertaron 0 filas nuevas en la tabla LiquidacionesSV
2025-10-21 16:25:08 - INFO - ⚠️ Se omitieron 1 filas que ya existían en la base de datos
2025-10-21 16:25:08 - INFO - ❌ Se encontraron 0 errores durante la inserción
2025-10-21 16:25:08 - INFO - 📝 Total de registros procesados: 1
2025-10-21 16:25:08 - INFO - ==================================================
2025-10-21 16:25:08 - INFO - 🔍 Iniciando búsqueda de transaction_id para los registros insertados...
2025-10-21 16:25:08 - INFO - ✅ Transaction_id encontrado para SEQ_NUM=529016100128: 436362
2025-10-21 16:25:08 - INFO - 📋 Se procesaron 1 registros para buscar transaction_id
2025-10-21 16:25:08 - INFO - 🎯 Se encontraron 1 transaction_id válidos
2025-10-21 16:25:08 - INFO - 🔌 Conexión a base de datos cerrada
2025-10-21 16:25:08 - INFO - ⏱️ Tiempo total de procesamiento: 0.31 segundos
2025-10-21 16:25:08 - INFO - 📧 Enviando email de notificación...
2025-10-21 16:25:09 - INFO - ✅ Email de notificación enviado exitosamente
2025-10-21 16:25:09 - INFO - ==================================================
2025-10-21 16:25:09 - INFO - 🏁 PROCESAMIENTO PRINCIPAL COMPLETADO EXITOSAMENTE
2025-10-21 16:25:09 - INFO - ============================================================
2025-10-21 16:25:09 - INFO - 🔍 Iniciando búsqueda de transacciones faltantes...
2025-10-21 16:25:45 - INFO - ============================================================
2025-10-21 16:25:45 - INFO - 🚀 INICIANDO PROCESAMIENTO DE ARCHIVO: /Users/marlonruiz/PycharmProjects/Serfinsa/data/serfinsa/Serfinsa  XXXXX_XXXX Trans_19MAY2025_000paypro.xlsx
2025-10-21 16:25:45 - INFO - 📝 Archivo de log: /Users/marlonruiz/PycharmProjects/Serfinsa/logs/Serfinsa  XXXXX_XXXX Trans_19MAY2025_000paypro.log
2025-10-21 16:25:45 - INFO - ⏰ Fecha y hora de inicio: 2025-10-21 16:25:45
2025-10-21 16:25:45 - INFO - ==================================================
2025-10-21 16:25:45 - INFO - ✅ Conexión a base de datos establecida
2025-10-21 16:25:45 - INFO - 📊 Archivo leído correctamente con 1 filas y 40 columnas.
2025-10-21 16:25:45 - INFO - 🧹 Datos limpios aplicados (valores NaN, None y vacíos convertidos a None)
2025-10-21 16:25:45 - INFO - 🔍 Vista previa de los datos limpios:
2025-10-21 16:25:45 - INFO - Primeras 5 filas:   FECHA_TRAN    HORA_TRAN      ID_PAG  SUCURSAL_I  TERMINAL_I  AFILIADO NOMBRE_COM EMISOR_ID               PAN  MONTO_TRAN  MONTO_AJUS  MONTO_TEXE  SUBTOTAL  MONTO_IVA  COMISIONAB  COM_PORCEN  COM_MONTO  COM_MTOIVA  RETENCION2  RETENIDO  MONTO_DEBI  DEPOSITO    CCFNO DCLNO TIPO_TRANS MESES_PLZO  PAGADO           BCO_PAGO NUMCTA REG_FISCAL  IVA_PORC  APROBAC  TC  TYP       SEQ_NUM  INVOIC_NUM  RESP_CDE MODO_ENTRA COMPRADOR ORDEN_ID
0 2025-05-19  12:10:36.00  N76R06LT09     3407301      266760  50065006      xxxxx      SEVI  457374******1710          10           0           0        10       1.15        8.85        0.02       0.18        0.02           0       0.2           0       9.8  1808786  None     COMPRA       None       1  BANCO xxxxx, S.A.   xxxx        xxx      0.13   103651  10  210  529016100128      666514         0       MNAL      None     None
2025-10-21 16:25:45 - INFO - 🔄 Iniciando proceso de inserción en base de datos...
2025-10-21 16:25:45 - WARNING - ⚠️ SEQ_NUM 529016100128 ya existe en la base de datos. Omitiendo registro...
2025-10-21 16:25:45 - INFO - 💾 Cambios confirmados en base de datos
2025-10-21 16:25:45 - INFO - ==================================================
2025-10-21 16:25:45 - INFO - 📊 RESUMEN DE LA INSERCIÓN:
2025-10-21 16:25:45 - INFO - ✅ Se insertaron 0 filas nuevas en la tabla LiquidacionesSV
2025-10-21 16:25:45 - INFO - ⚠️ Se omitieron 1 filas que ya existían en la base de datos
2025-10-21 16:25:45 - INFO - ❌ Se encontraron 0 errores durante la inserción
2025-10-21 16:25:45 - INFO - 📝 Total de registros procesados: 1
2025-10-21 16:25:45 - INFO - ==================================================
2025-10-21 16:25:45 - INFO - 🔍 Iniciando búsqueda de transaction_id para los registros insertados...
2025-10-21 16:25:45 - INFO - ✅ Transaction_id encontrado para SEQ_NUM=529016100128: 436362
2025-10-21 16:25:45 - INFO - 📋 Se procesaron 1 registros para buscar transaction_id
2025-10-21 16:25:45 - INFO - 🎯 Se encontraron 1 transaction_id válidos
2025-10-21 16:25:45 - INFO - 🔌 Conexión a base de datos cerrada
2025-10-21 16:25:45 - INFO - ⏱️ Tiempo total de procesamiento: 0.21 segundos
2025-10-21 16:25:45 - INFO - 📧 Enviando email de notificación...
2025-10-21 16:25:46 - INFO - ✅ Email de notificación enviado exitosamente
2025-10-21 16:25:46 - INFO - ==================================================
2025-10-21 16:25:46 - INFO - 🏁 PROCESAMIENTO PRINCIPAL COMPLETADO EXITOSAMENTE
2025-10-21 16:25:46 - INFO - ============================================================
2025-10-21 16:25:46 - INFO - 🔍 Iniciando búsqueda de transacciones faltantes...
2025-10-21 16:26:30 - INFO - ============================================================
2025-10-21 16:26:30 - INFO - 🚀 INICIANDO PROCESAMIENTO DE ARCHIVO: /Users/marlonruiz/PycharmProjects/Serfinsa/data/serfinsa/Serfinsa  XXXXX_XXXX Trans_19MAY2025_000paypro.xlsx
2025-10-21 16:26:30 - INFO - 📝 Archivo de log: /Users/marlonruiz/PycharmProjects/Serfinsa/logs/Serfinsa  XXXXX_XXXX Trans_19MAY2025_000paypro.log
2025-10-21 16:26:30 - INFO - ⏰ Fecha y hora de inicio: 2025-10-21 16:26:29
2025-10-21 16:26:30 - INFO - ==================================================
2025-10-21 16:26:30 - INFO - ✅ Conexión a base de datos establecida
2025-10-21 16:26:30 - INFO - 📊 Archivo leído correctamente con 1 filas y 40 columnas.
2025-10-21 16:26:30 - INFO - 🧹 Datos limpios aplicados (valores NaN, None y vacíos convertidos a None)
2025-10-21 16:26:30 - INFO - 🔍 Vista previa de los datos limpios:
2025-10-21 16:26:30 - INFO - Primeras 5 filas:   FECHA_TRAN    HORA_TRAN      ID_PAG  SUCURSAL_I  TERMINAL_I  AFILIADO NOMBRE_COM EMISOR_ID               PAN  MONTO_TRAN  MONTO_AJUS  MONTO_TEXE  SUBTOTAL  MONTO_IVA  COMISIONAB  COM_PORCEN  COM_MONTO  COM_MTOIVA  RETENCION2  RETENIDO  MONTO_DEBI  DEPOSITO    CCFNO DCLNO TIPO_TRANS MESES_PLZO  PAGADO           BCO_PAGO NUMCTA REG_FISCAL  IVA_PORC  APROBAC  TC  TYP       SEQ_NUM  INVOIC_NUM  RESP_CDE MODO_ENTRA COMPRADOR ORDEN_ID
0 2025-05-19  12:10:36.00  N76R06LT09     3407301      266760  50065006      xxxxx      SEVI  457374******1710          10           0           0        10       1.15        8.85        0.02       0.18        0.02           0       0.2           0       9.8  1808786  None     COMPRA       None       1  BANCO xxxxx, S.A.   xxxx        xxx      0.13   103651  10  210  529016100128      666514         0       MNAL      None     None
2025-10-21 16:26:30 - INFO - 🔄 Iniciando proceso de inserción en base de datos...
2025-10-21 16:26:30 - WARNING - ⚠️ SEQ_NUM 529016100128 ya existe en la base de datos. Omitiendo registro...
2025-10-21 16:26:30 - INFO - 💾 Cambios confirmados en base de datos
2025-10-21 16:26:30 - INFO - ==================================================
2025-10-21 16:26:30 - INFO - 📊 RESUMEN DE LA INSERCIÓN:
2025-10-21 16:26:30 - INFO - ✅ Se insertaron 0 filas nuevas en la tabla LiquidacionesSV
2025-10-21 16:26:30 - INFO - ⚠️ Se omitieron 1 filas que ya existían en la base de datos
2025-10-21 16:26:30 - INFO - ❌ Se encontraron 0 errores durante la inserción
2025-10-21 16:26:30 - INFO - 📝 Total de registros procesados: 1
2025-10-21 16:26:30 - INFO - ==================================================
2025-10-21 16:26:30 - INFO - 🔍 Iniciando búsqueda de transaction_id para los registros insertados...
2025-10-21 16:26:30 - INFO - ✅ Transaction_id encontrado para SEQ_NUM=529016100128: 436362
2025-10-21 16:26:30 - INFO - 📋 Se procesaron 1 registros para buscar transaction_id
2025-10-21 16:26:30 - INFO - 🎯 Se encontraron 1 transaction_id válidos
2025-10-21 16:26:30 - INFO - 🔌 Conexión a base de datos cerrada
2025-10-21 16:26:30 - INFO - ⏱️ Tiempo total de procesamiento: 0.19 segundos
2025-10-21 16:26:30 - INFO - 📧 Enviando email de notificación...
2025-10-21 16:26:31 - INFO - ✅ Email de notificación enviado exitosamente
2025-10-21 16:26:31 - INFO - ==================================================
2025-10-21 16:26:31 - INFO - 🏁 PROCESAMIENTO PRINCIPAL COMPLETADO EXITOSAMENTE
2025-10-21 16:26:31 - INFO - ============================================================
2025-10-21 16:26:31 - INFO - 🔍 Iniciando búsqueda de transacciones faltantes...
2025-10-21 16:46:56 - INFO - ============================================================
2025-10-21 16:46:56 - INFO - 🚀 INICIANDO PROCESAMIENTO DE ARCHIVO: /Users/marlonruiz/PycharmProjects/Serfinsa/data/serfinsa/Serfinsa  XXXXX_XXXX Trans_19MAY2025_000paypro.xlsx
2025-10-21 16:46:56 - INFO - 📝 Archivo de log: /Users/marlonruiz/PycharmProjects/Serfinsa/logs/Serfinsa  XXXXX_XXXX Trans_19MAY2025_000paypro.log
2025-10-21 16:46:56 - INFO - ⏰ Fecha y hora de inicio: 2025-10-21 16:46:56
2025-10-21 16:46:56 - INFO - ==================================================
2025-10-21 16:46:57 - INFO - ✅ Conexión a base de datos establecida
2025-10-21 16:46:57 - INFO - 📊 Archivo leído correctamente con 1 filas y 40 columnas.
2025-10-21 16:46:57 - INFO - 🧹 Datos limpios aplicados (valores NaN, None y vacíos convertidos a None)
2025-10-21 16:46:57 - INFO - 🔍 Vista previa de los datos limpios:
2025-10-21 16:46:57 - INFO - Primeras 5 filas:   FECHA_TRAN    HORA_TRAN      ID_PAG  SUCURSAL_I  TERMINAL_I  AFILIADO NOMBRE_COM EMISOR_ID               PAN  MONTO_TRAN  MONTO_AJUS  MONTO_TEXE  SUBTOTAL  MONTO_IVA  COMISIONAB  COM_PORCEN  COM_MONTO  COM_MTOIVA  RETENCION2  RETENIDO  MONTO_DEBI  DEPOSITO    CCFNO DCLNO TIPO_TRANS MESES_PLZO  PAGADO           BCO_PAGO NUMCTA REG_FISCAL  IVA_PORC  APROBAC  TC  TYP       SEQ_NUM  INVOIC_NUM  RESP_CDE MODO_ENTRA COMPRADOR ORDEN_ID
0 2025-05-19  12:10:36.00  N76R06LT09     3407301      266760  50065006      xxxxx      SEVI  457374******1710          10           0           0        10       1.15        8.85        0.02       0.18        0.02           0       0.2           0       9.8  1808786  None     COMPRA       None       1  BANCO xxxxx, S.A.   xxxx        xxx      0.13   103651  10  210  529016100128      666514         0       MNAL      None     None
2025-10-21 16:46:57 - INFO - 🔄 Iniciando proceso de inserción en base de datos...
2025-10-21 16:46:57 - WARNING - ⚠️ SEQ_NUM 529016100128 ya existe en la base de datos. Omitiendo registro...
2025-10-21 16:46:57 - INFO - 💾 Cambios confirmados en base de datos
2025-10-21 16:46:57 - INFO - ==================================================
2025-10-21 16:46:57 - INFO - 📊 RESUMEN DE LA INSERCIÓN:
2025-10-21 16:46:57 - INFO - ✅ Se insertaron 0 filas nuevas en la tabla LiquidacionesSV
2025-10-21 16:46:57 - INFO - ⚠️ Se omitieron 1 filas que ya existían en la base de datos
2025-10-21 16:46:57 - INFO - ❌ Se encontraron 0 errores durante la inserción
2025-10-21 16:46:57 - INFO - 📝 Total de registros procesados: 1
2025-10-21 16:46:57 - INFO - ==================================================
2025-10-21 16:46:57 - INFO - 🔍 Iniciando búsqueda de transaction_id para los registros insertados...
2025-10-21 16:46:57 - INFO - ✅ Transaction_id encontrado para SEQ_NUM=529016100128: 436362
2025-10-21 16:46:57 - INFO - 📋 Se procesaron 1 registros para buscar transaction_id
2025-10-21 16:46:57 - INFO - 🎯 Se encontraron 1 transaction_id válidos
2025-10-21 16:46:57 - INFO - 🔌 Conexión a base de datos cerrada
2025-10-21 16:46:57 - INFO - ⏱️ Tiempo total de procesamiento: 0.57 segundos
2025-10-21 16:46:57 - INFO - 📧 Enviando email de notificación...
2025-10-21 16:46:58 - INFO - ✅ Email de notificación enviado exitosamente
2025-10-21 16:46:58 - INFO - ==================================================
2025-10-21 16:46:58 - INFO - 🏁 PROCESAMIENTO PRINCIPAL COMPLETADO EXITOSAMENTE
2025-10-21 16:46:58 - INFO - ============================================================
2025-10-21 16:46:58 - INFO - 🔍 Iniciando búsqueda de transacciones faltantes...
2025-10-21 16:53:44 - INFO - ============================================================
2025-10-21 16:53:44 - INFO - 🚀 INICIANDO PROCESAMIENTO DE ARCHIVO: /Users/marlonruiz/PycharmProjects/Serfinsa/data/serfinsa/Serfinsa  XXXXX_XXXX Trans_19MAY2025_000paypro.xlsx
2025-10-21 16:53:44 - INFO - 📝 Archivo de log: /Users/marlonruiz/PycharmProjects/Serfinsa/logs/Serfinsa  XXXXX_XXXX Trans_19MAY2025_000paypro.log
2025-10-21 16:53:44 - INFO - ⏰ Fecha y hora de inicio: 2025-10-21 16:53:43
2025-10-21 16:53:44 - INFO - ==================================================
2025-10-21 16:53:44 - INFO - ✅ Conexión a base de datos establecida
2025-10-21 16:53:44 - INFO - 📊 Archivo leído correctamente con 1 filas y 40 columnas.
2025-10-21 16:53:44 - INFO - 🧹 Datos limpios aplicados (valores NaN, None y vacíos convertidos a None)
2025-10-21 16:53:44 - INFO - 🔍 Vista previa de los datos limpios:
2025-10-21 16:53:44 - INFO - Primeras 5 filas:   FECHA_TRAN    HORA_TRAN      ID_PAG  SUCURSAL_I  TERMINAL_I  AFILIADO NOMBRE_COM EMISOR_ID               PAN  MONTO_TRAN  MONTO_AJUS  MONTO_TEXE  SUBTOTAL  MONTO_IVA  COMISIONAB  COM_PORCEN  COM_MONTO  COM_MTOIVA  RETENCION2  RETENIDO  MONTO_DEBI  DEPOSITO    CCFNO DCLNO TIPO_TRANS MESES_PLZO  PAGADO           BCO_PAGO NUMCTA REG_FISCAL  IVA_PORC  APROBAC  TC  TYP       SEQ_NUM  INVOIC_NUM  RESP_CDE MODO_ENTRA COMPRADOR ORDEN_ID
0 2025-05-19  12:10:36.00  N76R06LT09     3407301      266760  50065006      xxxxx      SEVI  457374******1710          10           0           0        10       1.15        8.85        0.02       0.18        0.02           0       0.2           0       9.8  1808786  None     COMPRA       None       1  BANCO xxxxx, S.A.   xxxx        xxx      0.13   103651  10  210  529016100128      666514         0       MNAL      None     None
2025-10-21 16:53:44 - INFO - 🔄 Iniciando proceso de inserción en base de datos...
2025-10-21 16:53:44 - WARNING - ⚠️ SEQ_NUM 529016100128 ya existe en la base de datos. Omitiendo registro...
2025-10-21 16:53:44 - INFO - 💾 Cambios confirmados en base de datos
2025-10-21 16:53:44 - INFO - ==================================================
2025-10-21 16:53:44 - INFO - 📊 RESUMEN DE LA INSERCIÓN:
2025-10-21 16:53:44 - INFO - ✅ Se insertaron 0 filas nuevas en la tabla LiquidacionesSV
2025-10-21 16:53:44 - INFO - ⚠️ Se omitieron 1 filas que ya existían en la base de datos
2025-10-21 16:53:44 - INFO - ❌ Se encontraron 0 errores durante la inserción
2025-10-21 16:53:44 - INFO - 📝 Total de registros procesados: 1
2025-10-21 16:53:44 - INFO - ==================================================
2025-10-21 16:53:44 - INFO - 🔍 Iniciando búsqueda de transaction_id para los registros insertados...
2025-10-21 16:53:44 - INFO - ✅ Transaction_id encontrado para SEQ_NUM=529016100128: 436362
2025-10-21 16:53:44 - INFO - 📋 Se procesaron 1 registros para buscar transaction_id
2025-10-21 16:53:44 - INFO - 🎯 Se encontraron 1 transaction_id válidos
2025-10-21 16:53:44 - INFO - 🔌 Conexión a base de datos cerrada
2025-10-21 16:53:44 - INFO - ⏱️ Tiempo total de procesamiento: 0.32 segundos
2025-10-21 16:53:44 - INFO - 📧 Enviando email de notificación...
2025-10-21 16:53:45 - INFO - ✅ Email de notificación enviado exitosamente
2025-10-21 16:53:45 - INFO - ==================================================
2025-10-21 16:53:45 - INFO - 🏁 PROCESAMIENTO PRINCIPAL COMPLETADO EXITOSAMENTE
2025-10-21 16:53:45 - INFO - ============================================================
2025-10-21 16:53:45 - INFO - 🔍 Iniciando búsqueda de transacciones faltantes...
